Determining if the pthread_create exist failed with the following output:
Change Dir: /home/ros/Desktop/audio_common-master/sound_play/build/catkin_tools_prebuild/CMakeFiles/CMakeTmp

Run Build Command:"/usr/bin/make" "cmTC_d0194/fast"
/usr/bin/make -f CMakeFiles/cmTC_d0194.dir/build.make CMakeFiles/cmTC_d0194.dir/build
make[1]: Entering directory '/home/ros/Desktop/audio_common-master/sound_play/build/catkin_tools_prebuild/CMakeFiles/CMakeTmp'
Building C object CMakeFiles/cmTC_d0194.dir/CheckSymbolExists.c.o
/usr/bin/cc     -o CMakeFiles/cmTC_d0194.dir/CheckSymbolExists.c.o   -c /home/ros/Desktop/audio_common-master/sound_play/build/catkin_tools_prebuild/CMakeFiles/CMakeTmp/CheckSymbolExists.c
Linking C executable cmTC_d0194
/usr/bin/cmake -E cmake_link_script CMakeFiles/cmTC_d0194.dir/link.txt --verbose=1
/usr/bin/cc       CMakeFiles/cmTC_d0194.dir/CheckSymbolExists.c.o  -o cmTC_d0194 -rdynamic 
CMakeFiles/cmTC_d0194.dir/CheckSymbolExists.c.o: In function `main':
CheckSymbolExists.c:(.text+0x16): undefined reference to `pthread_create'
collect2: error: ld returned 1 exit status
CMakeFiles/cmTC_d0194.dir/build.make:97: recipe for target 'cmTC_d0194' failed
make[1]: *** [cmTC_d0194] Error 1
make[1]: Leaving directory '/home/ros/Desktop/audio_common-master/sound_play/build/catkin_tools_prebuild/CMakeFiles/CMakeTmp'
Makefile:126: recipe for target 'cmTC_d0194/fast' failed
make: *** [cmTC_d0194/fast] Error 2

File /home/ros/Desktop/audio_common-master/sound_play/build/catkin_tools_prebuild/CMakeFiles/CMakeTmp/CheckSymbolExists.c:
/* */
#include <pthread.h>

int main(int argc, char** argv)
{
  (void)argv;
#ifndef pthread_create
  return ((int*)(&pthread_create))[argc];
#else
  (void)argc;
  return 0;
#endif
}

Determining if the function pthread_create exists in the pthreads failed with the following output:
Change Dir: /home/ros/Desktop/audio_common-master/sound_play/build/catkin_tools_prebuild/CMakeFiles/CMakeTmp

Run Build Command:"/usr/bin/make" "cmTC_83995/fast"
/usr/bin/make -f CMakeFiles/cmTC_83995.dir/build.make CMakeFiles/cmTC_83995.dir/build
make[1]: Entering directory '/home/ros/Desktop/audio_common-master/sound_play/build/catkin_tools_prebuild/CMakeFiles/CMakeTmp'
Building C object CMakeFiles/cmTC_83995.dir/CheckFunctionExists.c.o
/usr/bin/cc    -DCHECK_FUNCTION_EXISTS=pthread_create   -o CMakeFiles/cmTC_83995.dir/CheckFunctionExists.c.o   -c /usr/share/cmake-3.5/Modules/CheckFunctionExists.c
Linking C executable cmTC_83995
/usr/bin/cmake -E cmake_link_script CMakeFiles/cmTC_83995.dir/link.txt --verbose=1
/usr/bin/cc   -DCHECK_FUNCTION_EXISTS=pthread_create    CMakeFiles/cmTC_83995.dir/CheckFunctionExists.c.o  -o cmTC_83995 -rdynamic -lpthreads 
/usr/bin/ld: cannot find -lpthreads
collect2: error: ld returned 1 exit status
CMakeFiles/cmTC_83995.dir/build.make:97: recipe for target 'cmTC_83995' failed
make[1]: *** [cmTC_83995] Error 1
make[1]: Leaving directory '/home/ros/Desktop/audio_common-master/sound_play/build/catkin_tools_prebuild/CMakeFiles/CMakeTmp'
Makefile:126: recipe for target 'cmTC_83995/fast' failed
make: *** [cmTC_83995/fast] Error 2


